{
  "stats": {
    "suites": 1,
    "tests": 2,
    "passes": 2,
    "pending": 0,
    "failures": 0,
    "start": "2021-10-18T15:29:44.817Z",
    "end": "2021-10-18T15:29:47.549Z",
    "duration": 2732,
    "testsRegistered": 2,
    "passPercent": 100,
    "pendingPercent": 0,
    "other": 0,
    "hasOther": false,
    "skipped": 0,
    "hasSkipped": false
  },
  "results": [
    {
      "uuid": "91c805dc-e164-4e07-926a-49c52c49301c",
      "title": "",
      "fullFile": "cypress/integration/listagem.spec.js",
      "file": "cypress/integration/listagem.spec.js",
      "beforeHooks": [],
      "afterHooks": [],
      "tests": [],
      "suites": [
        {
          "uuid": "8dff897d-4ea4-494b-ad89-37d98c054973",
          "title": "Listagem",
          "fullFile": "",
          "file": "",
          "beforeHooks": [],
          "afterHooks": [],
          "tests": [
            {
              "title": "Quando não houver cadastros, então a listagem deve estar vazia",
              "fullTitle": "Listagem Quando não houver cadastros, então a listagem deve estar vazia",
              "timedOut": null,
              "duration": 753,
              "state": "passed",
              "speed": "slow",
              "pass": true,
              "fail": false,
              "pending": false,
              "context": null,
              "code": "cy.fixture('listagem-vazia').then(data => {\n  window.localStorage.setItem('data', JSON.stringify(data));\n});\ncy.visit('https://form-agilizei.netlify.app/listagem.html');\ncy.get('table tbody tr').should('have.length', 0);",
              "err": {},
              "uuid": "abdcc3ea-1961-4350-9692-d89e376a1668",
              "parentUUID": "8dff897d-4ea4-494b-ad89-37d98c054973",
              "isHook": false,
              "skipped": false
            },
            {
              "title": "Quando houver um ou mais cadastros, então a listagem deve exibir cada registro",
              "fullTitle": "Listagem Quando houver um ou mais cadastros, então a listagem deve exibir cada registro",
              "timedOut": null,
              "duration": 335,
              "state": "passed",
              "speed": "slow",
              "pass": true,
              "fail": false,
              "pending": false,
              "context": null,
              "code": "// window.localStorage.setItem('data', JSON.stringify([{\"firstName\":\"Agilizei\",\"lastName\":\"Bootcamp\",\"adress\":\"Sem endereço\",\"emailAdress\":\"test@mail.com\",\"radioGender\":\"n\",\"checks\":[\"Netflix\",\"Dormir\"],\"selectCountries\":\"Japão\",\"selectYears\":\"2017\",\"selectMonths\":\"Abril\",\"pwd\":\"Alunos@2021\"}]))\ncy.fixture('listagem-com-itens').then(data => {\n  window.localStorage.setItem('data', JSON.stringify(data));\n});\ncy.visit('https://form-agilizei.netlify.app/listagem.html');\ncy.get('table tbody tr').should('have.length', 2);",
              "err": {},
              "uuid": "3d6f0836-31c5-450a-baaa-81a9cb58f909",
              "parentUUID": "8dff897d-4ea4-494b-ad89-37d98c054973",
              "isHook": false,
              "skipped": false
            }
          ],
          "suites": [],
          "passes": [
            "abdcc3ea-1961-4350-9692-d89e376a1668",
            "3d6f0836-31c5-450a-baaa-81a9cb58f909"
          ],
          "failures": [],
          "pending": [],
          "skipped": [],
          "duration": 1088,
          "root": false,
          "rootEmpty": false,
          "_timeout": 2000
        }
      ],
      "passes": [],
      "failures": [],
      "pending": [],
      "skipped": [],
      "duration": 0,
      "root": true,
      "rootEmpty": true,
      "_timeout": 2000
    }
  ],
  "meta": {
    "mocha": {
      "version": "7.0.1"
    },
    "mochawesome": {
      "options": {
        "quiet": true,
        "reportFilename": "mochawesome",
        "saveHtml": false,
        "saveJson": true,
        "consoleReporter": "spec",
        "useInlineDiffs": false,
        "code": true
      },
      "version": "6.3.1"
    },
    "marge": {
      "options": {
        "id": "default",
        "reportDir": "mochawesome-report",
        "quiet": true,
        "overwrite": false,
        "html": false,
        "json": true
      },
      "version": "5.2.0"
    }
  }
}